<?xml version="1.0" encoding="UTF-8"?>
<!-- Generated by org.testng.reporters.JUnitXMLReporter -->
<testsuite ignored="3" hostname="G10GGNLT065" failures="0" tests="3" name="Default test" time="0.103" errors="0" timestamp="26 May 2021 08:31:28 GMT">
  <testcase classname="com.arc.testBase.BaseClass" name="@BeforeTest initializtion" time="0.0">
    <failure type="org.testng.TestNGException" message="
Parameter &amp;apos;browserName&amp;apos; is required by BeforeTest on method initializtion but has not been marked @Optional or defined
in C:\Users\NarayanDatt\AppData\Local\Temp\testng-eclipse-731239433\testng-customsuite.xml">
      <![CDATA[org.testng.TestNGException: 
Parameter 'browserName' is required by BeforeTest on method initializtion but has not been marked @Optional or defined
in C:\Users\NarayanDatt\AppData\Local\Temp\testng-eclipse-731239433\testng-customsuite.xml
	at org.testng.internal.Parameters.createParameters(Parameters.java:199)
	at org.testng.internal.Parameters.createParameters(Parameters.java:443)
	at org.testng.internal.Parameters.createConfigurationParameters(Parameters.java:118)
	at org.testng.internal.Invoker.invokeConfigurations(Invoker.java:203)
	at org.testng.internal.Invoker.invokeConfigurations(Invoker.java:144)
	at org.testng.TestRunner.beforeRun(TestRunner.java:634)
	at org.testng.TestRunner.run(TestRunner.java:602)
	at org.testng.SuiteRunner.runTest(SuiteRunner.java:387)
	at org.testng.SuiteRunner.runSequentially(SuiteRunner.java:382)
	at org.testng.SuiteRunner.privateRun(SuiteRunner.java:340)
	at org.testng.SuiteRunner.run(SuiteRunner.java:289)
	at org.testng.SuiteRunnerWorker.runSuite(SuiteRunnerWorker.java:52)
	at org.testng.SuiteRunnerWorker.run(SuiteRunnerWorker.java:86)
	at org.testng.TestNG.runSuitesSequentially(TestNG.java:1293)
	at org.testng.TestNG.runSuitesLocally(TestNG.java:1218)
	at org.testng.TestNG.runSuites(TestNG.java:1133)
	at org.testng.TestNG.run(TestNG.java:1104)
	at org.testng.remote.AbstractRemoteTestNG.run(AbstractRemoteTestNG.java:115)
	at org.testng.remote.RemoteTestNG.initAndRun(RemoteTestNG.java:251)
	at org.testng.remote.RemoteTestNG.main(RemoteTestNG.java:77)
]]>
    </failure>
  </testcase> <!-- @BeforeTest initializtion -->
  <testcase classname="com.arc.testBase.BaseClass" name="@AfterTest closeBrowser" time="0.0">
    <skipped/>
  </testcase> <!-- @AfterTest closeBrowser -->
  <testcase classname="com.arc.testCases.LoginPageTest" name="LoginIntoApplicationTest" time="0.014">
    <skipped/>
  </testcase> <!-- LoginIntoApplicationTest -->
  <testcase classname="com.arc.testCases.Project.BuildingPageTest" name="CheckBuildingAgreementDownLoadTest" time="0.0">
    <skipped/>
  </testcase> <!-- CheckBuildingAgreementDownLoadTest -->
  <testcase classname="com.arc.testCases.Project.BuildingPageTest" name="CheckDownloadInvoiceReceiptForPerformanceCertificateTest" time="0.0">
    <skipped/>
  </testcase> <!-- CheckDownloadInvoiceReceiptForPerformanceCertificateTest -->
  <testcase classname="com.arc.testBase.BaseClass" name="@BeforeTest initializtion" time="0.0">
    <ignored/>
  </testcase> <!-- @BeforeTest initializtion -->
  <testcase classname="com.arc.testCases.LoginPageTest" name="LoginPageTitleTest" time="0.0">
    <ignored/>
  </testcase> <!-- LoginPageTitleTest -->
  <testcase classname="com.arc.testBase.BaseClass" name="@AfterTest closeBrowser" time="0.0">
    <ignored/>
  </testcase> <!-- @AfterTest closeBrowser -->
</testsuite> <!-- Default test -->
