<?xml version="1.0" encoding="UTF-8"?>
<testng-results ignored="15" total="37" passed="21" failed="1" skipped="0">
  <reporter-output>
  </reporter-output>
  <suite started-at="2021-05-31T11:42:26Z" name="ARC Essential Test Suite " finished-at="2021-05-31T11:50:07Z" duration-ms="460361">
    <groups>
      <group name="LoginMethodTCGroup">
        <method signature="LoginPageTest.Login_ApplicationTest()[pri:1, instance:com.arc.testCases.LoginPageTest@10c626be]" name="Login_ApplicationTest" class="com.arc.testCases.LoginPageTest"/>
      </group> <!-- LoginMethodTCGroup -->
    </groups>
    <test started-at="2021-05-31T11:42:26Z" name="ARC_Reboot_Test_Chrome " finished-at="2021-05-31T11:50:07Z" duration-ms="460361">
      <class name="com.arc.testCases.Project.BuildingPageTest">
        <test-method signature="Building_Agreement_Display()[pri:4, instance:com.arc.testCases.Project.BuildingPageTest@42e3ede4]" started-at="2021-05-31T17:13:21Z" name="Building_Agreement_Display" depends-on-groups="LoginMethodTCGroup" finished-at="2021-05-31T17:13:34Z" duration-ms="13172" status="PASS">
          <reporter-output>
          </reporter-output>
        </test-method> <!-- Building_Agreement_Display -->
        <test-method signature="Building_LEEDIDProject_Download_Invoice()[pri:4, instance:com.arc.testCases.Project.BuildingPageTest@42e3ede4]" started-at="2021-05-31T17:13:34Z" name="Building_LEEDIDProject_Download_Invoice" depends-on-groups="LoginMethodTCGroup" finished-at="2021-05-31T17:13:56Z" duration-ms="22415" status="PASS">
          <reporter-output>
          </reporter-output>
        </test-method> <!-- Building_LEEDIDProject_Download_Invoice -->
        <test-method signature="Building_PerformanceCertificate_Download_Invoice_Receipt()[pri:4, instance:com.arc.testCases.Project.BuildingPageTest@42e3ede4]" started-at="2021-05-31T17:13:56Z" name="Building_PerformanceCertificate_Download_Invoice_Receipt" depends-on-groups="LoginMethodTCGroup" finished-at="2021-05-31T17:14:37Z" duration-ms="40348" status="PASS">
          <reporter-output>
          </reporter-output>
        </test-method> <!-- Building_PerformanceCertificate_Download_Invoice_Receipt -->
        <test-method signature="Building_Agreement_Download()[pri:4, instance:com.arc.testCases.Project.BuildingPageTest@42e3ede4]" started-at="2021-05-31T17:14:37Z" name="Building_Agreement_Download" depends-on-groups="LoginMethodTCGroup" finished-at="2021-05-31T17:14:59Z" depends-on-methods="com.arc.testCases.Project.BuildingPageTest.Building_Agreement_Display" duration-ms="22174" status="PASS">
          <reporter-output>
          </reporter-output>
        </test-method> <!-- Building_Agreement_Download -->
      </class> <!-- com.arc.testCases.Project.BuildingPageTest -->
      <class name="com.arc.testCases.Project.ParkingPageTest">
        <test-method signature="Parking_Agreement_Display()[pri:9, instance:com.arc.testCases.Project.ParkingPageTest@b78a709]" started-at="2021-05-31T17:19:03Z" name="Parking_Agreement_Display" depends-on-groups="LoginMethodTCGroup" finished-at="2021-05-31T17:19:14Z" duration-ms="10964" status="PASS">
          <reporter-output>
          </reporter-output>
        </test-method> <!-- Parking_Agreement_Display -->
        <test-method signature="Parking_Download_Invoice()[pri:9, instance:com.arc.testCases.Project.ParkingPageTest@b78a709]" started-at="2021-05-31T17:19:14Z" name="Parking_Download_Invoice" depends-on-groups="LoginMethodTCGroup" finished-at="2021-05-31T17:19:35Z" duration-ms="21090" status="PASS">
          <reporter-output>
          </reporter-output>
        </test-method> <!-- Parking_Download_Invoice -->
        <test-method signature="Parking_Agreement_Download()[pri:9, instance:com.arc.testCases.Project.ParkingPageTest@b78a709]" started-at="2021-05-31T17:19:35Z" name="Parking_Agreement_Download" depends-on-groups="LoginMethodTCGroup" finished-at="2021-05-31T17:19:57Z" depends-on-methods="com.arc.testCases.Project.ParkingPageTest.Parking_Agreement_Display" duration-ms="21339" status="PASS">
          <reporter-output>
          </reporter-output>
        </test-method> <!-- Parking_Agreement_Download -->
      </class> <!-- com.arc.testCases.Project.ParkingPageTest -->
      <class name="com.arc.testCases.Project.SchoolPageTest">
        <test-method signature="School_Agreement_Display()[pri:5, instance:com.arc.testCases.Project.SchoolPageTest@201b6b6f]" started-at="2021-05-31T17:14:59Z" name="School_Agreement_Display" depends-on-groups="LoginMethodTCGroup" finished-at="2021-05-31T17:15:10Z" duration-ms="11580" status="PASS">
          <reporter-output>
          </reporter-output>
        </test-method> <!-- School_Agreement_Display -->
        <test-method signature="School_LEEDProject_DownloadInvoice()[pri:5, instance:com.arc.testCases.Project.SchoolPageTest@201b6b6f]" started-at="2021-05-31T17:15:10Z" name="School_LEEDProject_DownloadInvoice" depends-on-groups="LoginMethodTCGroup" finished-at="2021-05-31T17:15:31Z" duration-ms="20853" status="PASS">
          <reporter-output>
          </reporter-output>
        </test-method> <!-- School_LEEDProject_DownloadInvoice -->
        <test-method signature="School_PerformanceCertificate_Download_Invoice_Receipt()[pri:5, instance:com.arc.testCases.Project.SchoolPageTest@201b6b6f]" started-at="2021-05-31T17:15:31Z" name="School_PerformanceCertificate_Download_Invoice_Receipt" depends-on-groups="LoginMethodTCGroup" finished-at="2021-05-31T17:16:10Z" duration-ms="38829" status="PASS">
          <reporter-output>
          </reporter-output>
        </test-method> <!-- School_PerformanceCertificate_Download_Invoice_Receipt -->
        <test-method signature="School_Agreement_Download()[pri:5, instance:com.arc.testCases.Project.SchoolPageTest@201b6b6f]" started-at="2021-05-31T17:16:10Z" name="School_Agreement_Download" depends-on-groups="LoginMethodTCGroup" finished-at="2021-05-31T17:16:33Z" depends-on-methods="com.arc.testCases.Project.SchoolPageTest.School_Agreement_Display" duration-ms="23054" status="PASS">
          <reporter-output>
          </reporter-output>
        </test-method> <!-- School_Agreement_Download -->
      </class> <!-- com.arc.testCases.Project.SchoolPageTest -->
      <class name="com.arc.testCases.Project.TransitPageTest">
        <test-method signature="Transit_Agreement_Display()[pri:7, instance:com.arc.testCases.Project.TransitPageTest@183e8023]" started-at="2021-05-31T17:17:13Z" name="Transit_Agreement_Display" depends-on-groups="LoginMethodTCGroup" finished-at="2021-05-31T17:17:25Z" duration-ms="12053" status="PASS">
          <reporter-output>
          </reporter-output>
        </test-method> <!-- Transit_Agreement_Display -->
        <test-method signature="Transit_Credits_Download_Upload_Document()[pri:7, instance:com.arc.testCases.Project.TransitPageTest@183e8023]" started-at="2021-05-31T17:17:25Z" name="Transit_Credits_Download_Upload_Document" depends-on-groups="LoginMethodTCGroup" finished-at="2021-05-31T17:17:57Z" duration-ms="31955" status="PASS">
          <reporter-output>
          </reporter-output>
        </test-method> <!-- Transit_Credits_Download_Upload_Document -->
        <test-method signature="Transit_PerformanceCertificate_Download_Invoice_Receipt()[pri:7, instance:com.arc.testCases.Project.TransitPageTest@183e8023]" started-at="2021-05-31T17:17:57Z" name="Transit_PerformanceCertificate_Download_Invoice_Receipt" depends-on-groups="LoginMethodTCGroup" finished-at="2021-05-31T17:18:08Z" duration-ms="11408" status="FAIL">
          <exception class="java.lang.AssertionError">
            <message>
              <![CDATA[expected [true] but found [false]]]>
            </message>
            <full-stacktrace>
              <![CDATA[java.lang.AssertionError: expected [true] but found [false]
	at org.testng.Assert.fail(Assert.java:94)
	at org.testng.Assert.failNotEquals(Assert.java:513)
	at org.testng.Assert.assertTrue(Assert.java:42)
	at org.testng.Assert.assertTrue(Assert.java:52)
	at com.arc.testCases.Project.TransitPageTest.Transit_PerformanceCertificate_Download_Invoice_Receipt(TransitPageTest.java:157)
	at java.base/jdk.internal.reflect.NativeMethodAccessorImpl.invoke0(Native Method)
	at java.base/jdk.internal.reflect.NativeMethodAccessorImpl.invoke(NativeMethodAccessorImpl.java:64)
	at java.base/jdk.internal.reflect.DelegatingMethodAccessorImpl.invoke(DelegatingMethodAccessorImpl.java:43)
	at java.base/java.lang.reflect.Method.invoke(Method.java:564)
	at org.testng.internal.MethodInvocationHelper.invokeMethod(MethodInvocationHelper.java:104)
	at org.testng.internal.Invoker.invokeMethod(Invoker.java:645)
	at org.testng.internal.Invoker.invokeTestMethod(Invoker.java:851)
	at org.testng.internal.Invoker.invokeTestMethods(Invoker.java:1177)
	at org.testng.internal.TestMethodWorker.invokeTestMethods(TestMethodWorker.java:129)
	at org.testng.internal.TestMethodWorker.run(TestMethodWorker.java:112)
	at org.testng.TestRunner.privateRun(TestRunner.java:756)
	at org.testng.TestRunner.run(TestRunner.java:610)
	at org.testng.SuiteRunner.runTest(SuiteRunner.java:387)
	at org.testng.SuiteRunner.runSequentially(SuiteRunner.java:382)
	at org.testng.SuiteRunner.privateRun(SuiteRunner.java:340)
	at org.testng.SuiteRunner.run(SuiteRunner.java:289)
	at org.testng.SuiteRunnerWorker.runSuite(SuiteRunnerWorker.java:52)
	at org.testng.SuiteRunnerWorker.run(SuiteRunnerWorker.java:86)
	at org.testng.TestNG.runSuitesSequentially(TestNG.java:1293)
	at org.testng.TestNG.runSuitesLocally(TestNG.java:1218)
	at org.testng.TestNG.runSuites(TestNG.java:1133)
	at org.testng.TestNG.run(TestNG.java:1104)
	at org.testng.remote.AbstractRemoteTestNG.run(AbstractRemoteTestNG.java:115)
	at org.testng.remote.RemoteTestNG.initAndRun(RemoteTestNG.java:251)
	at org.testng.remote.RemoteTestNG.main(RemoteTestNG.java:77)
]]>
            </full-stacktrace>
          </exception> <!-- java.lang.AssertionError -->
          <reporter-output>
          </reporter-output>
        </test-method> <!-- Transit_PerformanceCertificate_Download_Invoice_Receipt -->
        <test-method signature="Transit_Agreement_Download()[pri:7, instance:com.arc.testCases.Project.TransitPageTest@183e8023]" started-at="2021-05-31T17:18:09Z" name="Transit_Agreement_Download" depends-on-groups="LoginMethodTCGroup" finished-at="2021-05-31T17:18:32Z" depends-on-methods="com.arc.testCases.Project.TransitPageTest.Transit_Agreement_Display" duration-ms="23282" status="PASS">
          <reporter-output>
          </reporter-output>
        </test-method> <!-- Transit_Agreement_Download -->
      </class> <!-- com.arc.testCases.Project.TransitPageTest -->
      <class name="com.arc.testCases.LoginPageTest">
        <test-method is-config="true" signature="initializtion(java.lang.String)[pri:0, instance:com.arc.testCases.LoginPageTest@10c626be]" started-at="2021-05-31T17:12:26Z" name="initializtion" finished-at="2021-05-31T17:12:38Z" duration-ms="11437" status="PASS">
          <params>
            <param index="0">
              <value>
                <![CDATA[chrome]]>
              </value>
            </param>
          </params>
          <reporter-output>
          </reporter-output>
        </test-method> <!-- initializtion -->
        <test-method signature="Login_ApplicationTest()[pri:1, instance:com.arc.testCases.LoginPageTest@10c626be]" started-at="2021-05-31T17:12:38Z" name="Login_ApplicationTest" finished-at="2021-05-31T17:12:53Z" duration-ms="15158" status="PASS">
          <reporter-output>
          </reporter-output>
        </test-method> <!-- Login_ApplicationTest -->
        <test-method is-config="true" signature="closeBrowser()[pri:0, instance:com.arc.testCases.LoginPageTest@10c626be]" started-at="2021-05-31T17:20:06Z" name="closeBrowser" finished-at="2021-05-31T17:20:07Z" duration-ms="314" status="PASS">
          <reporter-output>
          </reporter-output>
        </test-method> <!-- closeBrowser -->
      </class> <!-- com.arc.testCases.LoginPageTest -->
      <class name="com.arc.testCases.Project.CommunitiesPageTest">
        <test-method signature="Communities_Agreement_Display()[pri:8, instance:com.arc.testCases.Project.CommunitiesPageTest@3e5499cc]" started-at="2021-05-31T17:18:32Z" name="Communities_Agreement_Display" depends-on-groups="LoginMethodTCGroup" finished-at="2021-05-31T17:18:42Z" duration-ms="9821" status="PASS">
          <reporter-output>
          </reporter-output>
        </test-method> <!-- Communities_Agreement_Display -->
        <test-method signature="Communities_Agreement_Download()[pri:8, instance:com.arc.testCases.Project.CommunitiesPageTest@3e5499cc]" started-at="2021-05-31T17:18:42Z" name="Communities_Agreement_Download" depends-on-groups="LoginMethodTCGroup" finished-at="2021-05-31T17:19:03Z" depends-on-methods="com.arc.testCases.Project.CommunitiesPageTest.Communities_Agreement_Display" duration-ms="21467" status="PASS">
          <reporter-output>
          </reporter-output>
        </test-method> <!-- Communities_Agreement_Download -->
      </class> <!-- com.arc.testCases.Project.CommunitiesPageTest -->
      <class name="com.arc.testCases.Project.CityPageTest">
        <test-method signature="City_Agreement_Display()[pri:6, instance:com.arc.testCases.Project.CityPageTest@75459c75]" started-at="2021-05-31T17:16:33Z" name="City_Agreement_Display" depends-on-groups="LoginMethodTCGroup" finished-at="2021-05-31T17:16:51Z" duration-ms="18047" status="PASS">
          <reporter-output>
          </reporter-output>
        </test-method> <!-- City_Agreement_Display -->
        <test-method signature="City_Agreement_Download()[pri:6, instance:com.arc.testCases.Project.CityPageTest@75459c75]" started-at="2021-05-31T17:16:51Z" name="City_Agreement_Download" depends-on-groups="LoginMethodTCGroup" finished-at="2021-05-31T17:17:13Z" depends-on-methods="com.arc.testCases.Project.CityPageTest.City_Agreement_Display" duration-ms="21819" status="PASS">
          <reporter-output>
          </reporter-output>
        </test-method> <!-- City_Agreement_Download -->
      </class> <!-- com.arc.testCases.Project.CityPageTest -->
      <class name="com.arc.testCases.HomePageTest">
        <test-method signature="EssentialUser_Download_Invoice()[pri:2, instance:com.arc.testCases.HomePageTest@2fc0cc3]" started-at="2021-05-31T17:12:53Z" name="EssentialUser_Download_Invoice" depends-on-groups="LoginMethodTCGroup" finished-at="2021-05-31T17:13:21Z" duration-ms="27577" status="PASS">
          <reporter-output>
          </reporter-output>
        </test-method> <!-- EssentialUser_Download_Invoice -->
        <test-method signature="Logout_Test()[pri:100, instance:com.arc.testCases.HomePageTest@2fc0cc3]" started-at="2021-05-31T17:19:57Z" name="Logout_Test" depends-on-groups="LoginMethodTCGroup" finished-at="2021-05-31T17:20:06Z" duration-ms="9543" status="PASS">
          <reporter-output>
          </reporter-output>
        </test-method> <!-- Logout_Test -->
      </class> <!-- com.arc.testCases.HomePageTest -->
    </test> <!-- ARC_Reboot_Test_Chrome  -->
  </suite> <!-- ARC Essential Test Suite  -->
</testng-results>
