<?xml version="1.0" encoding="UTF-8"?>
<!-- Generated by org.testng.reporters.JUnitReportReporter -->
<testsuite ignored="26" hostname="G10GGNLT065" failures="1" tests="12" name="com.arc.testCases.Project.CityPageTest" time="1062.085" errors="1" timestamp="28 Jun 2021 03:32:18 GMT" skipped="2">
  <testcase classname="com.arc.testCases.Project.CityPageTest" name="City_Energy_GHGEmission_Delete_Row" time="0.000">
    <skipped/>
  </testcase> <!-- City_Energy_GHGEmission_Delete_Row -->
  <testcase classname="com.arc.testCases.Project.CityPageTest" name="City_ProjectSetting_Population_Save_Row_DecadeCalender_Display" time="146.344"/>
  <testcase classname="com.arc.testCases.Project.CityPageTest" name="City_Energy_GHGEmission_Edit_Row" time="0.000">
    <skipped/>
  </testcase> <!-- City_Energy_GHGEmission_Edit_Row -->
  <testcase classname="com.arc.testCases.Project.CityPageTest" name="City_Project_Area_GrossArea_SquareMiles_Display" time="72.662"/>
  <testcase classname="com.arc.testCases.Project.CityPageTest" name="City_DI_ProjectSetting_Population_Add_Row" time="72.619"/>
  <testcase classname="com.arc.testCases.Project.CityPageTest" name="City_ProjectArea_Field_Comma_Display" time="70.662"/>
  <testcase classname="com.arc.testCases.Project.CityPageTest" name="City_ProjectSetting_ProjectArea_Add_Row" time="73.213"/>
  <testcase classname="com.arc.testCases.Project.CityPageTest" name="City_Population_Field_Comma_Display" time="75.688"/>
  <testcase classname="com.arc.testCases.Project.CityPageTest" name="City_Energy_GHGEmission_SavePreviousYearData_CheckScore" time="265.083">
    <error message="no such element: Unable to locate element: {&quot;method&quot;:&quot;xpath&quot;,&quot;selector&quot;:&quot;(//table[@class=&#039;meterListByType--wrapper&#039;]/tbody/tr[1])[1]/td[3]/div/span/span&quot;}
  (Session info: chrome=91.0.4472.114)
For documentation on this error, please visit: https://www.seleniumhq.org/exceptions/no_such_element.html
Build info: version: &#039;3.141.59&#039;, revision: &#039;e82be7d358&#039;, time: &#039;2018-11-14T08:17:03&#039;
System info: host: &#039;G10GGNLT065&#039;, ip: &#039;192.168.43.9&#039;, os.name: &#039;Windows 10&#039;, os.arch: &#039;amd64&#039;, os.version: &#039;10.0&#039;, java.version: &#039;15.0.2&#039;
Driver info: org.openqa.selenium.chrome.ChromeDriver
Capabilities {acceptInsecureCerts: false, browserName: chrome, browserVersion: 91.0.4472.114, chrome: {chromedriverVersion: 90.0.4430.24 (4c6d850f087da..., userDataDir: C:\Users\NARAYA~1\AppData\L...}, goog:chromeOptions: {debuggerAddress: localhost:58845}, javascriptEnabled: true, networkConnectionEnabled: false, pageLoadStrategy: normal, platform: WINDOWS, platformName: WINDOWS, proxy: Proxy(), setWindowRect: true, strictFileInteractability: false, timeouts: {implicit: 0, pageLoad: 300000, script: 30000}, unhandledPromptBehavior: dismiss and notify, webauthn:extension:largeBlob: true, webauthn:virtualAuthenticators: true}
Session ID: 835f54ea0e79db627c08082410384cf2
*** Element info: {Using=xpath, value=(//table[@class=&#039;meterListByType--wrapper&#039;]/tbody/tr[1])[1]/td[3]/div/span/span}" type="org.openqa.selenium.NoSuchElementException">
      <![CDATA[org.openqa.selenium.NoSuchElementException: no such element: Unable to locate element: {"method":"xpath","selector":"(//table[@class='meterListByType--wrapper']/tbody/tr[1])[1]/td[3]/div/span/span"}
  (Session info: chrome=91.0.4472.114)
For documentation on this error, please visit: https://www.seleniumhq.org/exceptions/no_such_element.html
Build info: version: '3.141.59', revision: 'e82be7d358', time: '2018-11-14T08:17:03'
System info: host: 'G10GGNLT065', ip: '192.168.43.9', os.name: 'Windows 10', os.arch: 'amd64', os.version: '10.0', java.version: '15.0.2'
Driver info: org.openqa.selenium.chrome.ChromeDriver
Capabilities {acceptInsecureCerts: false, browserName: chrome, browserVersion: 91.0.4472.114, chrome: {chromedriverVersion: 90.0.4430.24 (4c6d850f087da..., userDataDir: C:\Users\NARAYA~1\AppData\L...}, goog:chromeOptions: {debuggerAddress: localhost:58845}, javascriptEnabled: true, networkConnectionEnabled: false, pageLoadStrategy: normal, platform: WINDOWS, platformName: WINDOWS, proxy: Proxy(), setWindowRect: true, strictFileInteractability: false, timeouts: {implicit: 0, pageLoad: 300000, script: 30000}, unhandledPromptBehavior: dismiss and notify, webauthn:extension:largeBlob: true, webauthn:virtualAuthenticators: true}
Session ID: 835f54ea0e79db627c08082410384cf2
*** Element info: {Using=xpath, value=(//table[@class='meterListByType--wrapper']/tbody/tr[1])[1]/td[3]/div/span/span}
	at java.base/jdk.internal.reflect.NativeConstructorAccessorImpl.newInstance0(Native Method)
	at java.base/jdk.internal.reflect.NativeConstructorAccessorImpl.newInstance(NativeConstructorAccessorImpl.java:64)
	at java.base/jdk.internal.reflect.DelegatingConstructorAccessorImpl.newInstance(DelegatingConstructorAccessorImpl.java:45)
	at java.base/java.lang.reflect.Constructor.newInstanceWithCaller(Constructor.java:500)
	at java.base/java.lang.reflect.Constructor.newInstance(Constructor.java:481)
	at org.openqa.selenium.remote.http.W3CHttpResponseCodec.createException(W3CHttpResponseCodec.java:187)
	at org.openqa.selenium.remote.http.W3CHttpResponseCodec.decode(W3CHttpResponseCodec.java:122)
	at org.openqa.selenium.remote.http.W3CHttpResponseCodec.decode(W3CHttpResponseCodec.java:49)
	at org.openqa.selenium.remote.HttpCommandExecutor.execute(HttpCommandExecutor.java:158)
	at org.openqa.selenium.remote.service.DriverCommandExecutor.execute(DriverCommandExecutor.java:83)
	at org.openqa.selenium.remote.RemoteWebDriver.execute(RemoteWebDriver.java:552)
	at org.openqa.selenium.remote.RemoteWebDriver.findElement(RemoteWebDriver.java:323)
	at org.openqa.selenium.remote.RemoteWebDriver.findElementByXPath(RemoteWebDriver.java:428)
	at org.openqa.selenium.By$ByXPath.findElement(By.java:353)
	at org.openqa.selenium.remote.RemoteWebDriver.findElement(RemoteWebDriver.java:315)
	at jdk.internal.reflect.GeneratedMethodAccessor5.invoke(Unknown Source)
	at java.base/jdk.internal.reflect.DelegatingMethodAccessorImpl.invoke(DelegatingMethodAccessorImpl.java:43)
	at java.base/java.lang.reflect.Method.invoke(Method.java:564)
	at org.openqa.selenium.support.events.EventFiringWebDriver.lambda$new$1(EventFiringWebDriver.java:105)
	at com.sun.proxy.$Proxy11.findElement(Unknown Source)
	at org.openqa.selenium.support.events.EventFiringWebDriver.findElement(EventFiringWebDriver.java:194)
	at org.openqa.selenium.support.pagefactory.DefaultElementLocator.findElement(DefaultElementLocator.java:69)
	at org.openqa.selenium.support.pagefactory.internal.LocatingElementHandler.invoke(LocatingElementHandler.java:38)
	at com.sun.proxy.$Proxy15.getText(Unknown Source)
	at com.arc.PageObject.Project.CityPageObject.getEnergyScore(CityPageObject.java:272)
	at com.arc.testCases.Project.CityPageTest.City_Energy_GHGEmission_SavePreviousYearData_CheckScore(CityPageTest.java:573)
	at java.base/jdk.internal.reflect.NativeMethodAccessorImpl.invoke0(Native Method)
	at java.base/jdk.internal.reflect.NativeMethodAccessorImpl.invoke(NativeMethodAccessorImpl.java:64)
	at java.base/jdk.internal.reflect.DelegatingMethodAccessorImpl.invoke(DelegatingMethodAccessorImpl.java:43)
	at java.base/java.lang.reflect.Method.invoke(Method.java:564)
	at org.testng.internal.MethodInvocationHelper.invokeMethod(MethodInvocationHelper.java:104)
	at org.testng.internal.Invoker.invokeMethod(Invoker.java:645)
	at org.testng.internal.Invoker.invokeTestMethod(Invoker.java:851)
	at org.testng.internal.Invoker.invokeTestMethods(Invoker.java:1177)
	at org.testng.internal.TestMethodWorker.invokeTestMethods(TestMethodWorker.java:129)
	at org.testng.internal.TestMethodWorker.run(TestMethodWorker.java:112)
	at org.testng.TestRunner.privateRun(TestRunner.java:756)
	at org.testng.TestRunner.run(TestRunner.java:610)
	at org.testng.SuiteRunner.runTest(SuiteRunner.java:387)
	at org.testng.SuiteRunner.runSequentially(SuiteRunner.java:382)
	at org.testng.SuiteRunner.privateRun(SuiteRunner.java:340)
	at org.testng.SuiteRunner.run(SuiteRunner.java:289)
	at org.testng.SuiteRunnerWorker.runSuite(SuiteRunnerWorker.java:52)
	at org.testng.SuiteRunnerWorker.run(SuiteRunnerWorker.java:86)
	at org.testng.TestNG.runSuitesSequentially(TestNG.java:1293)
	at org.testng.TestNG.runSuitesLocally(TestNG.java:1218)
	at org.testng.TestNG.runSuites(TestNG.java:1133)
	at org.testng.TestNG.run(TestNG.java:1104)
	at org.testng.remote.AbstractRemoteTestNG.run(AbstractRemoteTestNG.java:115)
	at org.testng.remote.RemoteTestNG.initAndRun(RemoteTestNG.java:251)
	at org.testng.remote.RemoteTestNG.main(RemoteTestNG.java:77)
]]>
    </error>
  </testcase> <!-- City_Energy_GHGEmission_SavePreviousYearData_CheckScore -->
  <testcase classname="com.arc.testCases.Project.CityPageTest" name="City_Energy_GHGEmission_AddYear_AddNewLine" time="72.502"/>
  <testcase classname="com.arc.testCases.Project.CityPageTest" name="City_Energy_GHGEmission_With_DataAndDetails_Display" time="68.739"/>
  <testcase classname="com.arc.testCases.Project.CityPageTest" name="City_ProjectSetting_ProjectArea_Save_Row_DecadeCalender_Display" time="144.573">
    <failure message="expected [true] but found [false]" type="java.lang.AssertionError">
      <![CDATA[java.lang.AssertionError: expected [true] but found [false]
	at org.testng.Assert.fail(Assert.java:94)
	at org.testng.Assert.failNotEquals(Assert.java:513)
	at org.testng.Assert.assertTrue(Assert.java:42)
	at org.testng.Assert.assertTrue(Assert.java:52)
	at com.arc.testCases.Project.CityPageTest.City_ProjectSetting_ProjectArea_Save_Row_DecadeCalender_Display(CityPageTest.java:913)
	at java.base/jdk.internal.reflect.NativeMethodAccessorImpl.invoke0(Native Method)
	at java.base/jdk.internal.reflect.NativeMethodAccessorImpl.invoke(NativeMethodAccessorImpl.java:64)
	at java.base/jdk.internal.reflect.DelegatingMethodAccessorImpl.invoke(DelegatingMethodAccessorImpl.java:43)
	at java.base/java.lang.reflect.Method.invoke(Method.java:564)
	at org.testng.internal.MethodInvocationHelper.invokeMethod(MethodInvocationHelper.java:104)
	at org.testng.internal.Invoker.invokeMethod(Invoker.java:645)
	at org.testng.internal.Invoker.invokeTestMethod(Invoker.java:851)
	at org.testng.internal.Invoker.invokeTestMethods(Invoker.java:1177)
	at org.testng.internal.TestMethodWorker.invokeTestMethods(TestMethodWorker.java:129)
	at org.testng.internal.TestMethodWorker.run(TestMethodWorker.java:112)
	at org.testng.TestRunner.privateRun(TestRunner.java:756)
	at org.testng.TestRunner.run(TestRunner.java:610)
	at org.testng.SuiteRunner.runTest(SuiteRunner.java:387)
	at org.testng.SuiteRunner.runSequentially(SuiteRunner.java:382)
	at org.testng.SuiteRunner.privateRun(SuiteRunner.java:340)
	at org.testng.SuiteRunner.run(SuiteRunner.java:289)
	at org.testng.SuiteRunnerWorker.runSuite(SuiteRunnerWorker.java:52)
	at org.testng.SuiteRunnerWorker.run(SuiteRunnerWorker.java:86)
	at org.testng.TestNG.runSuitesSequentially(TestNG.java:1293)
	at org.testng.TestNG.runSuitesLocally(TestNG.java:1218)
	at org.testng.TestNG.runSuites(TestNG.java:1133)
	at org.testng.TestNG.run(TestNG.java:1104)
	at org.testng.remote.AbstractRemoteTestNG.run(AbstractRemoteTestNG.java:115)
	at org.testng.remote.RemoteTestNG.initAndRun(RemoteTestNG.java:251)
	at org.testng.remote.RemoteTestNG.main(RemoteTestNG.java:77)
]]>
    </failure>
  </testcase> <!-- City_ProjectSetting_ProjectArea_Save_Row_DecadeCalender_Display -->
  <testcase classname="com.arc.testBase.BaseClass" name="initializtion">
    <skipped/>
  </testcase> <!-- initializtion -->
  <testcase classname="com.arc.testBase.BaseClass" name="initializtion">
    <skipped/>
  </testcase> <!-- initializtion -->
  <testcase classname="com.arc.testBase.BaseClass" name="initializtion">
    <skipped/>
  </testcase> <!-- initializtion -->
  <testcase classname="com.arc.testBase.BaseClass" name="closeBrowser">
    <skipped/>
  </testcase> <!-- closeBrowser -->
  <testcase classname="com.arc.testBase.BaseClass" name="closeBrowser">
    <skipped/>
  </testcase> <!-- closeBrowser -->
  <testcase classname="com.arc.testBase.BaseClass" name="closeBrowser">
    <skipped/>
  </testcase> <!-- closeBrowser -->
  <testcase classname="com.arc.testCases.ProjectRegistrationPageTest" name="City_Agreement_Check_AddButtonEnabled">
    <skipped/>
  </testcase> <!-- City_Agreement_Check_AddButtonEnabled -->
  <testcase classname="com.arc.testCases.ProjectRegistrationPageTest" name="ProjectName_With_Valid_SpecialCharacters">
    <skipped/>
  </testcase> <!-- ProjectName_With_Valid_SpecialCharacters -->
  <testcase classname="com.arc.testCases.ProjectRegistrationPageTest" name="City_GrossArea_Invalid_50001_SQ_KM">
    <skipped/>
  </testcase> <!-- City_GrossArea_Invalid_50001_SQ_KM -->
  <testcase classname="com.arc.testCases.ProjectRegistrationPageTest" name="City_GrossArea_Invalid_19306_SQ_Miles">
    <skipped/>
  </testcase> <!-- City_GrossArea_Invalid_19306_SQ_Miles -->
  <testcase classname="com.arc.testCases.ProjectRegistrationPageTest" name="City_LEED_Registration_Yes_CheckMessage">
    <skipped/>
  </testcase> <!-- City_LEED_Registration_Yes_CheckMessage -->
  <testcase classname="com.arc.testCases.ProjectRegistrationPageTest" name="City_Test">
    <skipped/>
  </testcase> <!-- City_Test -->
  <testcase classname="com.arc.testCases.ProjectRegistrationPageTest" name="City_GrossArea_Valid_50000_SQ_KM">
    <skipped/>
  </testcase> <!-- City_GrossArea_Valid_50000_SQ_KM -->
  <testcase classname="com.arc.testCases.ProjectRegistrationPageTest" name="ProjectName_With_Invalid_SpecialCharacters">
    <skipped/>
  </testcase> <!-- ProjectName_With_Invalid_SpecialCharacters -->
  <testcase classname="com.arc.testCases.ProjectRegistrationPageTest" name="City_Download_Service_Agreement">
    <skipped/>
  </testcase> <!-- City_Download_Service_Agreement -->
  <testcase classname="com.arc.testCases.ProjectRegistrationPageTest" name="City_GrossArea_Valid_19305_SQ_Miles">
    <skipped/>
  </testcase> <!-- City_GrossArea_Valid_19305_SQ_Miles -->
  <testcase classname="com.arc.testCases.HomePageTest" name="EssentialUser_Download_Invoice">
    <skipped/>
  </testcase> <!-- EssentialUser_Download_Invoice -->
  <testcase classname="com.arc.testCases.HomePageTest" name="Logout_Test">
    <skipped/>
  </testcase> <!-- Logout_Test -->
  <testcase classname="com.arc.testCases.Project.CityPageTest" name="City_Agreement_Display">
    <skipped/>
  </testcase> <!-- City_Agreement_Display -->
  <testcase classname="com.arc.testCases.Project.CityPageTest" name="City_ProjectSetting_Population_UpdatedBy_Test">
    <skipped/>
  </testcase> <!-- City_ProjectSetting_Population_UpdatedBy_Test -->
  <testcase classname="com.arc.testCases.Project.CityPageTest" name="City_Agreement_Download">
    <skipped/>
  </testcase> <!-- City_Agreement_Download -->
  <testcase classname="com.arc.testCases.Project.CityPageTest" name="City_Team_Delete_Member">
    <skipped/>
  </testcase> <!-- City_Team_Delete_Member -->
  <testcase classname="com.arc.testCases.Project.CityPageTest" name="City_ProjectSetting_Population_Remarks_Activity_Test">
    <skipped/>
  </testcase> <!-- City_ProjectSetting_Population_Remarks_Activity_Test -->
  <testcase classname="com.arc.testCases.Project.CityPageTest" name="City_LEEDIDProject_Download_Invoice">
    <skipped/>
  </testcase> <!-- City_LEEDIDProject_Download_Invoice -->
  <testcase classname="com.arc.testCases.Project.CityPageTest" name="City_Team_Add_Member">
    <skipped/>
  </testcase> <!-- City_Team_Add_Member -->
  <testcase classname="com.arc.testCases.Project.CityPageTest" name="City_AddRowInEnergy">
    <skipped/>
  </testcase> <!-- City_AddRowInEnergy -->
</testsuite> <!-- com.arc.testCases.Project.CityPageTest -->
